Case #1: CAB
Case #2: MJA
Case #3: OCDE
Case #4: BBAAA
Case #5: CCCABBBAB
Case #6: CCCBAABAB
Case #7: ZXCASDQWE
Case #8: BAAA
Case #9: CCCCCBBBBBAAAAA
Case #10: A
Case #11: CCCCCBAABABBABA
Case #12: ONKIGDEHLJFAMBC
Case #13: MMKJIBALHGFEDCA
Case #14: OMNLKJHIGAEDCBF
Case #15: AA
Case #16: BAA
Case #17: CCCBAAABAABAB
Case #18: BA
Case #19: BA
Case #20: OMDBKEJFHGCLINA
Case #21: CCCCBAAABAABBAB
Case #22: XVTDLWKWGJTNTWK
Case #23: BB
Case #24: CCCCCCBAABABBBB
Case #25: ONMLIGBAEDHCJKF
Case #26: CCCCCBBABABAABB
Case #27: BAAA
Case #28: ZAAAA
Case #29: Z
Case #30: CCCCCCCCBAABBBB
Case #31: CCCCCBBBBAAAABA
Case #32: CCCCCBBBBBAAAAA
Case #33: CCCCCCAAABABAAA
Case #34: ZDABC
Case #35: CBA
Case #36: CCCBAAABABBBABB
Case #37: BAA
Case #38: CCCCCBAAAAABBBB
Case #39: ONBCDEFGHIKJLMA
Case #40: DCCCBAAAABBBB
Case #41: BAAA
Case #42: CCCCBAAAAAABA
Case #43: BBB
Case #44: CCCCCCBBBBABBAA
Case #45: CCCCCABBBBBAAAA
Case #46: CCCCCBBBBBAAAAA
Case #47: ZDCBA
Case #48: CCCCCCCAABAABBA
Case #49: CCCAAAAABAABABA
Case #50: CBA
Case #51: ZZFFQMSKWQDSVNY
Case #52: ZAYBXCWDUE
Case #53: MMKAIFECBADGHJL
Case #54: CAB
Case #55: CCBBAAAAAAAAB
Case #56: CCBBAAAAAAAAAAB
Case #57: DCBBAAAAAAAAAA
Case #58: WTSPLRJKKPMPLKQ
Case #59: CCCCCABABAAAABB
Case #60: ZADBC
Case #61: ZZJYPXFLQJNLXTP
Case #62: CBA
Case #63: BBBBBAAAAAAAA
Case #64: DCCCBBBBBAAAA
Case #65: ZEDCBAYXWU
Case #66: DCCBBAAAAAABB
Case #67: CCBBAAABAABBAAB
Case #68: MMKAICBADEFGHJL
Case #69: ZABYCXDWEU
Case #70: CCCCCBBBBBAAAAA
Case #71: BBA
Case #72: CCCCCCCABBBBAAA
Case #73: CCCCCBBBBBAAAAA
Case #74: MMKIHCBADEFGJLA
Case #75: OLKJAGDCBIFEHNM
Case #76: AAA
Case #77: MMLJIHGAAKFEDCB
Case #78: DCBBBBAAAAAAA
Case #79: CCCCCCAABAAABBB
Case #80: ZYXNMJLDLHSMRWK
Case #81: CCCCBAAAAAAAA
Case #82: BAA
Case #83: CCCCCBBBBBABBAB
Case #84: CCBBBBBAAABBAB
Case #85: RRBAACADABA
Case #86: MMACDFGHIKALJEB
Case #87: OLKJCAFDIBGEMNH
Case #88: CCCCCCCBAAAABBB
Case #89: BBA
Case #90: OBNLKJIEGMADCFH
Case #91: CCCCBAABAABBBAA
Case #92: CCCCCCCAAAABAAB
Case #93: ONDCLKJIGFHEMAB
Case #94: ZACBA
Case #95: BBA
Case #96: ZABCD
Case #97: CBA
Case #98: BAAA
Case #99: OMGFLKDIHCEJBNA
Case #100: CCCCCBBBBBAAAAA
