Case #1: 3 4 6
Case #2: 4 8
Case #3: 5 9 0 16
Case #4: 2 22
Case #5: 13 0 0 0
Case #6: 10 11 0 0
Case #7: 1 2 3 4 5 6 7
Case #8: 2 3 4
Case #9: 2 3
Case #10: 43 0 0 0 0 0 0
Case #11: 16 20 20 23 0 27 0
Case #12: 3 4 5 6
Case #13: 9 10 11 12 13 14 15 16 17 18
Case #14: 3 4 5
Case #15: 74 0 0 155 0 0 0
Case #16: 12 14 0 0
Case #17: 22 222
Case #18: 2 4
Case #19: 0 10 12 0
Case #20: 14 21 25 0 0 0 0
Case #21: 15 18 20 0 0 0 0
Case #22: 1 2 3
Case #23: 22 29 0 0 0 0 0
Case #24: 4 0
Case #25: 6 8 0 0
Case #26: 91 92 0 0 0 0 0 0 0 0
Case #27: 11 14 15 0 0
Case #28: 13 16 19 0 0 0 0 0 0 0
Case #29: 5 6
Case #30: 0 49 51 53 55 57 59 61 63 0
Case #31: 15 17 0 21 0 0
Case #32: 4 5
Case #33: 22 27 0 0 0 0 0 0
Case #34: 35 65 69 73
Case #35: 7 10 0 14 0 0
Case #36: 19 21 25 30 33 37 0 0 0 0
Case #37: 2 3 4 6 7
Case #38: 6 0
Case #39: 11 0 0 0 0 0 0
Case #40: 17 20 28 31 31 33 42 0
Case #41: 23 25 27 29 31 0 0
Case #42: 13 14 16 0 0 0
Case #43: 18 19 0 0 0 0 0
Case #44: 4 6 9
Case #45: 9 11 14 17 19 21 0
Case #46: 148 166 198 209 0 0 0 0 0 0
Case #47: 8 9 0 0 0
Case #48: 8 14 17 0 0 23 24
Case #49: 31 34 41 46 48 0 57 0 0 0
Case #50: 2 4
