Case #1: 19 20
Case #2: 023 023
Case #3: 0 0
Case #4: 05 00
Case #5: 313 313
Case #6: 930 930
Case #7: 049 050
Case #8: 003 003
Case #9: 029 029
Case #10: 651 650
Case #11: 093 098
Case #12: 884 884
Case #13: 054 057
Case #14: 400 400
Case #15: 005 005
Case #16: 807 810
Case #17: 09 10
Case #18: 09 90
Case #19: 90 90
Case #20: 09 09
Case #21: 090 059
Case #22: 90 09
Case #23: 039 080
Case #24: 102 098
Case #25: 070 029
Case #26: 00 00
Case #27: 006 006
Case #28: 992 988
Case #29: 159 161
Case #30: 909 908
Case #31: 051 051
Case #32: 397 760
Case #33: 607 607
Case #34: 421 390
Case #35: 95 95
Case #36: 699 907
Case #37: 993 988
Case #38: 99 99
Case #39: 098 093
Case #40: 00 00
Case #41: 279 530
Case #42: 99 99
Case #43: 586 585
Case #44: 939 939
Case #45: 88 93
Case #46: 590 569
Case #47: 199 200
Case #48: 00 00
Case #49: 100 069
Case #50: 279 304
Case #51: 202 202
Case #52: 460 429
Case #53: 90 99
Case #54: 040 009
Case #55: 99 99
Case #56: 910 909
Case #57: 10 09
Case #58: 080 080
Case #59: 000 000
Case #60: 90 90
Case #61: 099 130
Case #62: 229 572
Case #63: 09 05
Case #64: 9 9
Case #65: 090 049
Case #66: 05 05
Case #67: 299 440
Case #68: 00 00
Case #69: 705 299
Case #70: 299 410
Case #71: 359 774
Case #72: 397 401
Case #73: 9 9
Case #74: 314 310
Case #75: 866 609
Case #76: 790 790
Case #77: 90 90
Case #78: 05 05
Case #79: 023 023
Case #80: 99 09
Case #81: 05 05
Case #82: 000 000
Case #83: 099 109
Case #84: 05 09
Case #85: 100 099
Case #86: 10 05
Case #87: 040 035
Case #88: 09 09
Case #89: 429 119
Case #90: 050 019
Case #91: 099 200
Case #92: 497 500
Case #93: 099 909
Case #94: 308 310
Case #95: 95 95
Case #96: 609 610
Case #97: 970 199
Case #98: 988 992
Case #99: 069 100
Case #100: 5 5
Case #101: 427 427
Case #102: 059 090
Case #103: 599 601
Case #104: 00 00
Case #105: 09 09
Case #106: 692 809
Case #107: 010 010
Case #108: 046 042
Case #109: 99 90
Case #110: 299 314
Case #111: 073 073
Case #112: 110 065
Case #113: 99 99
Case #114: 050 039
Case #115: 170 149
Case #116: 080 049
Case #117: 05 10
Case #118: 009 009
Case #119: 700 299
Case #120: 104 104
Case #121: 010 009
Case #122: 035 035
Case #123: 670 641
Case #124: 93 88
Case #125: 508 508
Case #126: 110 079
Case #127: 899 900
Case #128: 700 700
Case #129: 070 039
Case #130: 029 070
Case #131: 050 009
Case #132: 09 09
Case #133: 009 050
Case #134: 99 95
Case #135: 262 262
Case #136: 049 080
Case #137: 199 199
Case #138: 049 090
Case #139: 035 035
Case #140: 332 332
Case #141: 909 794
Case #142: 5 5
Case #143: 092 093
Case #144: 09 99
Case #145: 000 000
Case #146: 730 727
Case #147: 990 909
Case #148: 899 985
Case #149: 771 819
Case #150: 99 99
Case #151: 039 070
Case #152: 019 050
Case #153: 003 002
Case #154: 99 99
Case #155: 909 910
Case #156: 003 003
Case #157: 500 093
Case #158: 130 099
Case #159: 350 350
Case #160: 865 840
Case #161: 00 00
Case #162: 00 00
Case #163: 506 506
Case #164: 009 040
Case #165: 060 019
Case #166: 909 990
Case #167: 306 306
Case #168: 800 699
Case #169: 580 580
Case #170: 079 110
Case #171: 721 679
Case #172: 99 99
Case #173: 610 610
Case #174: 058 058
Case #175: 90 90
Case #176: 590 199
Case #177: 029 060
Case #178: 080 039
Case #179: 0 0
Case #180: 160 115
Case #181: 99 99
Case #182: 408 900
Case #183: 0 0
Case #184: 120 089
Case #185: 450 421
Case #186: 099 100
Case #187: 089 120
Case #188: 290 290
Case #189: 00 05
Case #190: 201 201
Case #191: 469 473
Case #192: 060 029
Case #193: 640 419
Case #194: 988 993
Case #195: 930 636
Case #196: 700 700
Case #197: 95 99
Case #198: 05 05
Case #199: 019 060
Case #200: 475 474
